Date: 11-13-2015
Time: 9:52 PM
Message: Error reading from car wash data file.
Stack trace: [Stack Trace Text Here]
-----------------------------------------

3213213
Date: 11-13-2015
Time: 9:56 PM
Message: Error reading from car wash data file.
Stack trace: [Stack Trace Text Here]
-----------------------------------------
Date: 11-13-2015
Time: 10:04 PM
Message: Error reading from car wash data file.
Stack trace: [Stack Trace Text Here]
-----------------------------------------
Date: 11-13-2015
Time: 10:04 PM
Message: Error reading from car wash data file.
Stack trace: [Stack Trace Text Here]
-----------------------------------------
Date: 11-13-2015
Time: 10:09 PM
Message: Error reading from car wash data file.
Stack trace: [Stack Trace Text Here]
-----------------------------------------
Date: 11-13-2015
Time: 10:09 PM
Message: Error reading from car wash data file.
Stack trace: [Stack Trace Text Here]
-----------------------------------------
Date: 11-13-2015
Time: 10:16 PM
Message: Error reading from car wash data file.
Stack trace: System.IO.FileNotFoundException: Could not find file 'C:\Users\Administrator\Documents\Visual Studio 2010\Projects\NETZhiyueZhao\NETZhiyueZhao\bin\Debug\Data\Exterior.txt'.
File name: 'C:\Users\Administrator\Documents\Visual Studio 2010\Projects\NETZhiyueZhao\NETZhiyueZhao\bin\Debug\Data\Exterior.txt'
   at System.IO.__Error.WinIOError(Int32 errorCode, String maybeFullPath)
   at System.IO.FileStream.Init(String path, FileMode mode, FileAccess access, Int32 rights, Boolean useRights, FileShare share, Int32 bufferSize, FileOptions options, SECURITY_ATTRIBUTES secAttrs, String msgPath, Boolean bFromProxy, Boolean useLongPath, Boolean checkHost)
   at System.IO.FileStream..ctor(String path, FileMode mode, FileAccess access, FileShare share, Int32 bufferSize, FileOptions options, String msgPath, Boolean bFromProxy)
   at System.IO.FileStream..ctor(String path, FileMode mode)
   at NETZhiyueZhao.frmCarWash.loadTerior(String record, String filePath) in C:\Users\Administrator\Documents\Visual Studio 2010\Projects\NETZhiyueZhao\NETZhiyueZhao\frmCarWash.cs:line 162
   at NETZhiyueZhao.frmCarWash.loadData() in C:\Users\Administrator\Documents\Visual Studio 2010\Projects\NETZhiyueZhao\NETZhiyueZhao\frmCarWash.cs:line 146
   at NETZhiyueZhao.frmCarWash..ctor() in C:\Users\Administrator\Documents\Visual Studio 2010\Projects\NETZhiyueZhao\NETZhiyueZhao\frmCarWash.cs:line 46
-----------------------------------------
Date: 11-13-2015
Time: 10:19 PM
Message: Error reading from car wash data file.
Stack trace:    at System.IO.__Error.WinIOError(Int32 errorCode, String maybeFullPath)
   at System.IO.FileStream.Init(String path, FileMode mode, FileAccess access, Int32 rights, Boolean useRights, FileShare share, Int32 bufferSize, FileOptions options, SECURITY_ATTRIBUTES secAttrs, String msgPath, Boolean bFromProxy, Boolean useLongPath, Boolean checkHost)
   at System.IO.FileStream..ctor(String path, FileMode mode, FileAccess access, FileShare share, Int32 bufferSize, FileOptions options, String msgPath, Boolean bFromProxy)
   at System.IO.FileStream..ctor(String path, FileMode mode)
   at NETZhiyueZhao.frmCarWash.loadTerior(String record, String filePath) in C:\Users\Administrator\Documents\Visual Studio 2010\Projects\NETZhiyueZhao\NETZhiyueZhao\frmCarWash.cs:line 162
   at NETZhiyueZhao.frmCarWash.loadData() in C:\Users\Administrator\Documents\Visual Studio 2010\Projects\NETZhiyueZhao\NETZhiyueZhao\frmCarWash.cs:line 146
   at NETZhiyueZhao.frmCarWash..ctor() in C:\Users\Administrator\Documents\Visual Studio 2010\Projects\NETZhiyueZhao\NETZhiyueZhao\frmCarWash.cs:line 46
-----------------------------------------
Date: 11-13-2015
Time: 10:21 PM
Message: Error reading from car wash data file.
Stack trace:    at System.IO.__Error.WinIOError(Int32 errorCode, String maybeFullPath)
   at System.IO.FileStream.Init(String path, FileMode mode, FileAccess access, Int32 rights, Boolean useRights, FileShare share, Int32 bufferSize, FileOptions options, SECURITY_ATTRIBUTES secAttrs, String msgPath, Boolean bFromProxy, Boolean useLongPath, Boolean checkHost)
   at System.IO.FileStream..ctor(String path, FileMode mode, FileAccess access, FileShare share, Int32 bufferSize, FileOptions options, String msgPath, Boolean bFromProxy)
   at System.IO.FileStream..ctor(String path, FileMode mode)
   at NETZhiyueZhao.frmCarWash.loadTerior(String record, String filePath) in C:\Users\Administrator\Documents\Visual Studio 2010\Projects\NETZhiyueZhao\NETZhiyueZhao\frmCarWash.cs:line 162
   at NETZhiyueZhao.frmCarWash.loadData() in C:\Users\Administrator\Documents\Visual Studio 2010\Projects\NETZhiyueZhao\NETZhiyueZhao\frmCarWash.cs:line 146
   at NETZhiyueZhao.frmCarWash..ctor() in C:\Users\Administrator\Documents\Visual Studio 2010\Projects\NETZhiyueZhao\NETZhiyueZhao\frmCarWash.cs:line 46
-----------------------------------------
{0,-30},-
